<?xml version="1.0" encoding="UTF-8" ?>
<testsuite tests="24" failures="1" name="org.apache.commons.csv.CSVParserTest" time="0.014" errors="0" skipped="1">
  <properties>
[...]
</properties>
  <testcase classname="org.apache.commons.csv.CSVParserTest" name="testEmptyLineBehaviourCSV" time="0"/>
  <testcase classname="org.apache.commons.csv.CSVParserTest" name="testEmptyLineBehaviourExcel" time="0"/>
  <testcase classname="org.apache.commons.csv.CSVParserTest" name="testGetLineNumberWithLF" time="0"/>
  <testcase classname="org.apache.commons.csv.CSVParserTest" name="testBackslashEscapingOld" time="0.001">
    <skipped/>
  </testcase>
  <testcase classname="org.apache.commons.csv.CSVParserTest" name="testGetRecords" time="0"/>
  <testcase classname="org.apache.commons.csv.CSVParserTest" name="testEmptyFile" time="0"/>
  <testcase classname="org.apache.commons.csv.CSVParserTest" name="testGetLineNumberWithCRLF" time="0"/>
  <testcase classname="org.apache.commons.csv.CSVParserTest" name="testGetLineNumberWithCR" time="0.004">
    <failure message="expected:&lt;1&gt; but was:&lt;0&gt;" type="java.lang.AssertionError">java.lang.AssertionError: expected:&lt;1&gt; but was:&lt;0&gt;
	at org.junit.Assert.fail(Assert.java:93)
	at org.junit.Assert.failNotEquals(Assert.java:647)
	at org.junit.Assert.assertEquals(Assert.java:128)
	at org.junit.Assert.assertEquals(Assert.java:472)
	at org.junit.Assert.assertEquals(Assert.java:456)
	at org.apache.commons.csv.CSVParserTest.testGetLineNumberWithCR(CSVParserTest.java:510)
	at sun.reflect.NativeMethodAccessorImpl.invoke0(Native Method)
	at sun.reflect.NativeMethodAccessorImpl.invoke(NativeMethodAccessorImpl.java:62)
	at sun.reflect.DelegatingMethodAccessorImpl.invoke(DelegatingMethodAccessorImpl.java:43)
	at java.lang.reflect.Method.invoke(Method.java:498)
	at org.junit.runners.model.FrameworkMethod$1.runReflectiveCall(FrameworkMethod.java:45)
	at org.junit.internal.runners.model.ReflectiveCallable.run(ReflectiveCallable.java:15)
	at org.junit.runners.model.FrameworkMethod.invokeExplosively(FrameworkMethod.java:42)
	at org.junit.internal.runners.statements.InvokeMethod.evaluate(InvokeMethod.java:20)
	at org.junit.runners.ParentRunner.runLeaf(ParentRunner.java:263)
	at org.junit.runners.BlockJUnit4ClassRunner.runChild(BlockJUnit4ClassRunner.java:68)
	at org.junit.runners.BlockJUnit4ClassRunner.runChild(BlockJUnit4ClassRunner.java:47)
	at org.junit.runners.ParentRunner$3.run(ParentRunner.java:231)
	at org.junit.runners.ParentRunner$1.schedule(ParentRunner.java:60)
	at org.junit.runners.ParentRunner.runChildren(ParentRunner.java:229)
	at org.junit.runners.ParentRunner.access$000(ParentRunner.java:50)
	at org.junit.runners.ParentRunner$2.evaluate(ParentRunner.java:222)
	at org.junit.runners.ParentRunner.run(ParentRunner.java:300)
	at org.apache.maven.surefire.junit4.JUnit4TestSet.execute(JUnit4TestSet.java:53)
	at org.apache.maven.surefire.junit4.JUnit4Provider.executeTestSet(JUnit4Provider.java:123)
	at org.apache.maven.surefire.junit4.JUnit4Provider.invoke(JUnit4Provider.java:104)
	at sun.reflect.NativeMethodAccessorImpl.invoke0(Native Method)
	at sun.reflect.NativeMethodAccessorImpl.invoke(NativeMethodAccessorImpl.java:62)
	at sun.reflect.DelegatingMethodAccessorImpl.invoke(DelegatingMethodAccessorImpl.java:43)
	at java.lang.reflect.Method.invoke(Method.java:498)
	at org.apache.maven.surefire.util.ReflectionUtils.invokeMethodWithArray(ReflectionUtils.java:164)
	at org.apache.maven.surefire.booter.ProviderFactory$ProviderProxy.invoke(ProviderFactory.java:110)
	at org.apache.maven.surefire.booter.SurefireStarter.invokeProvider(SurefireStarter.java:172)
	at org.apache.maven.surefire.booter.SurefireStarter.runSuitesInProcessWhenForked(SurefireStarter.java:104)
	at org.apache.maven.surefire.booter.ForkedBooter.main(ForkedBooter.java:70)
</failure>
  </testcase>
  <testcase classname="org.apache.commons.csv.CSVParserTest" name="testCarriageReturnLineFeedEndings" time="0"/>
  <testcase classname="org.apache.commons.csv.CSVParserTest" name="testGetLine" time="0"/>
  <testcase classname="org.apache.commons.csv.CSVParserTest" name="testForEach" time="0.001"/>
  <testcase classname="org.apache.commons.csv.CSVParserTest" name="testEndOfFileBehaviorCSV" time="0"/>
  <testcase classname="org.apache.commons.csv.CSVParserTest" name="testEndOfFileBehaviourExcel" time="0.001"/>
  <testcase classname="org.apache.commons.csv.CSVParserTest" name="testCarriageReturnEndings" time="0"/>
  <testcase classname="org.apache.commons.csv.CSVParserTest" name="testLineFeedEndings" time="0"/>
  <testcase classname="org.apache.commons.csv.CSVParserTest" name="testIgnoreEmptyLines" time="0"/>
  <testcase classname="org.apache.commons.csv.CSVParserTest" name="testHeader" time="0"/>
  <testcase classname="org.apache.commons.csv.CSVParserTest" name="testProvidedHeader" time="0"/>
  <testcase classname="org.apache.commons.csv.CSVParserTest" name="testIterator" time="0.001"/>
  <testcase classname="org.apache.commons.csv.CSVParserTest" name="testDefaultFormat" time="0"/>
  <testcase classname="org.apache.commons.csv.CSVParserTest" name="testBackslashEscaping" time="0"/>
  <testcase classname="org.apache.commons.csv.CSVParserTest" name="testExcelFormat1" time="0"/>
  <testcase classname="org.apache.commons.csv.CSVParserTest" name="testBackslashEscaping2" time="0"/>
  <testcase classname="org.apache.commons.csv.CSVParserTest" name="testExcelFormat2" time="0"/>
</testsuite>